TN:
SF:D:\Web\egg\examples\sequelize\app\router.js
FN:3,(anonymous_0)
FNF:1
FNH:1
FNDA:1,(anonymous_0)
DA:3,1
DA:4,1
DA:6,1
DA:7,1
LF:4
LH:4
BRF:0
BRH:0
end_of_record
TN:
SF:D:\Web\egg\examples\sequelize\app\controller\post.js
FN:6,(anonymous_0)
FN:15,(anonymous_1)
FN:20,(anonymous_2)
FN:27,(anonymous_3)
FN:37,(anonymous_4)
FNF:5
FNH:0
FNDA:0,(anonymous_0)
FNDA:0,(anonymous_1)
FNDA:0,(anonymous_2)
FNDA:0,(anonymous_3)
FNDA:0,(anonymous_4)
DA:3,1
DA:7,0
DA:8,0
DA:12,0
DA:16,0
DA:17,0
DA:21,0
DA:22,0
DA:23,0
DA:24,0
DA:28,0
DA:29,0
DA:30,0
DA:34,0
DA:38,0
DA:39,0
DA:40,0
DA:41,0
DA:42,0
DA:46,1
LF:20
LH:2
BRF:0
BRH:0
end_of_record
TN:
SF:D:\Web\egg\examples\sequelize\app\controller\user.js
FN:6,(anonymous_0)
FN:15,(anonymous_1)
FN:20,(anonymous_2)
FN:27,(anonymous_3)
FN:34,(anonymous_4)
FNF:5
FNH:0
FNDA:0,(anonymous_0)
FNDA:0,(anonymous_1)
FNDA:0,(anonymous_2)
FNDA:0,(anonymous_3)
FNDA:0,(anonymous_4)
DA:3,1
DA:7,0
DA:8,0
DA:12,0
DA:16,0
DA:17,0
DA:21,0
DA:22,0
DA:23,0
DA:24,0
DA:28,0
DA:29,0
DA:30,0
DA:31,0
DA:35,0
DA:36,0
DA:37,0
DA:38,0
DA:42,1
LF:19
LH:2
BRF:0
BRH:0
end_of_record
TN:
SF:D:\Web\egg\examples\sequelize\app\extend\helper.js
FN:4,(anonymous_0)
FNF:1
FNH:0
FNDA:0,(anonymous_0)
DA:3,1
DA:5,0
DA:6,0
DA:7,0
LF:4
LH:1
BRDA:5,0,0,0
BRDA:5,0,1,0
BRDA:6,1,0,0
BRDA:6,1,1,0
BRDA:7,2,0,0
BRDA:7,2,1,0
BRF:6
BRH:0
end_of_record
TN:
SF:D:\Web\egg\examples\sequelize\app\model\post.js
FN:3,(anonymous_0)
FN:19,(anonymous_1)
FN:23,(anonymous_2)
FNF:3
FNH:2
FNDA:2,(anonymous_0)
FNDA:2,(anonymous_1)
FNDA:0,(anonymous_2)
DA:3,1
DA:4,2
DA:6,2
DA:19,2
DA:20,2
DA:23,2
DA:24,0
DA:29,2
LF:8
LH:7
BRF:0
BRH:0
end_of_record
TN:
SF:D:\Web\egg\examples\sequelize\app\model\user.js
FN:3,(anonymous_0)
FN:18,(anonymous_1)
FNF:2
FNH:1
FNDA:2,(anonymous_0)
FNDA:0,(anonymous_1)
DA:3,1
DA:4,2
DA:6,2
DA:18,2
DA:19,0
DA:22,2
LF:6
LH:5
BRF:0
BRH:0
end_of_record
TN:
SF:D:\Web\egg\examples\sequelize\app\service\post.js
FN:6,(anonymous_0)
FN:21,(anonymous_1)
FN:35,(anonymous_2)
FN:39,(anonymous_3)
FN:45,(anonymous_4)
FNF:5
FNH:0
FNDA:0,(anonymous_0)
FNDA:0,(anonymous_1)
FNDA:0,(anonymous_2)
FNDA:0,(anonymous_3)
FNDA:0,(anonymous_4)
DA:3,1
DA:7,0
DA:13,0
DA:14,0
DA:18,0
DA:22,0
DA:29,0
DA:30,0
DA:32,0
DA:36,0
DA:40,0
DA:41,0
DA:42,0
DA:46,0
DA:47,0
DA:48,0
DA:52,1
LF:17
LH:2
BRDA:6,0,0,0
BRDA:6,1,0,0
BRDA:13,2,0,0
BRDA:13,2,1,0
BRDA:29,3,0,0
BRDA:29,3,1,0
BRDA:41,4,0,0
BRDA:41,4,1,0
BRDA:47,5,0,0
BRDA:47,5,1,0
BRF:10
BRH:0
end_of_record
TN:
SF:D:\Web\egg\examples\sequelize\app\service\user.js
FN:6,(anonymous_0)
FN:14,(anonymous_1)
FN:22,(anonymous_2)
FN:26,(anonymous_3)
FN:34,(anonymous_4)
FNF:5
FNH:0
FNDA:0,(anonymous_0)
FNDA:0,(anonymous_1)
FNDA:0,(anonymous_2)
FNDA:0,(anonymous_3)
FNDA:0,(anonymous_4)
DA:3,1
DA:7,0
DA:15,0
DA:16,0
DA:17,0
DA:19,0
DA:23,0
DA:27,0
DA:28,0
DA:29,0
DA:31,0
DA:35,0
DA:36,0
DA:37,0
DA:39,0
DA:43,1
LF:16
LH:2
BRDA:6,0,0,0
BRDA:6,1,0,0
BRDA:16,2,0,0
BRDA:16,2,1,0
BRDA:28,3,0,0
BRDA:28,3,1,0
BRDA:36,4,0,0
BRDA:36,4,1,0
BRF:8
BRH:0
end_of_record
TN:
SF:D:\Web\egg\examples\sequelize\config\config.default.js
FN:3,(anonymous_0)
FNF:1
FNH:1
FNDA:4,(anonymous_0)
DA:3,1
DA:4,4
DA:7,4
DA:9,4
DA:17,4
DA:21,4
LF:6
LH:6
BRF:0
BRH:0
end_of_record
TN:
SF:D:\Web\egg\examples\sequelize\config\config.unittest.js
FNF:0
FNH:0
DA:3,1
LF:1
LH:1
BRF:0
BRH:0
end_of_record
TN:
SF:D:\Web\egg\examples\sequelize\config\plugin.js
FNF:0
FNH:0
DA:5,1
LF:1
LH:1
BRF:0
BRH:0
end_of_record
